2025-10-01T04:38:51Z|startup|ok
2025-10-01T04:39:17Z|startup|ok
2025-10-01T04:51:43Z|startup|ok
2025-10-01T04:52:03Z|startup|ok
2025-10-01T04:52:03Z|gfx|init_begin
2025-10-01T04:52:03Z|gfx_ok|vao_rect|vao=1
2025-10-01T04:52:03Z|gfx_ok|vao_circle|vao=2|verts=52
2025-10-01T04:52:03Z|gfx_ok|vao_bg|vao=3
2025-10-01T04:52:03Z|gfx_ok|texture_load|../../assets/Textures\boss.png|w=200|h=200|ch=4
2025-10-01T04:52:03Z|gfx_ok|texture_load|../../assets/Textures\check.png|w=1200|h=1200|ch=3
2025-10-01T04:52:04Z|gfx_ok|texture_load|../../assets/Textures\house.jpg|w=1280|h=720|ch=3
2025-10-01T04:52:04Z|gfx_ok|texture_load|../../assets/Textures\player.png|w=200|h=200|ch=4
2025-10-01T04:52:04Z|gfx_ok|bg_texture|house
2025-10-01T04:52:04Z|gfx_ok|compile_vs|ok
2025-10-01T04:52:04Z|gfx_ok|compile_fs|ok
2025-10-01T04:52:04Z|gfx_ok|link_program|program=3
2025-10-01T04:52:04Z|gfx_ok|validate_program|program=3
2025-10-01T04:52:04Z|gfx_ok|compile_vs|ok
2025-10-01T04:52:04Z|gfx_ok|compile_fs|ok
2025-10-01T04:52:04Z|gfx_ok|link_program|program=6
2025-10-01T04:52:04Z|gfx_ok|validate_program|program=6
2025-10-01T04:52:04Z|gfx_ok|compile_vs|ok
2025-10-01T04:52:04Z|gfx_ok|compile_fs|ok
2025-10-01T04:52:04Z|gfx_ok|link_program|program=9
2025-10-01T04:52:04Z|gfx_ok|validate_program|program=9
2025-10-01T04:52:04Z|gfx_ok|vao_sprite|vao=4
2025-10-01T04:52:04Z|gfx_ok|init_done|ok
2025-10-01T04:52:04Z|gfx_ok|gl_vendor|Intel
2025-10-01T04:52:04Z|gfx_ok|gl_renderer|Intel(R) Arc(TM) Graphics
2025-10-01T04:52:04Z|gfx_ok|gl_version|4.5.0 - Build 32.0.101.6314
2025-10-01T04:52:04Z|gfx_ok|bg_tex_info|w=1280|h=720|ifmt=6407
2025-10-01T04:52:04Z|gfx_ok|diag_done|ok
2025-10-01T04:52:04Z|gfx_ok|texture_load|../../assets/Textures/player.png|w=200|h=200|ch=4
2025-10-01T04:58:47Z|startup|ok
2025-10-01T04:58:48Z|gfx|init_begin
2025-10-01T04:58:48Z|gfx_ok|vao_rect|vao=1
2025-10-01T04:58:48Z|gfx_ok|vao_circle|vao=2|verts=52
2025-10-01T04:58:48Z|gfx_ok|vao_bg|vao=3
2025-10-01T04:58:48Z|gfx_ok|texture_load|../../assets/Textures\boss.png|w=200|h=200|ch=4
2025-10-01T04:58:48Z|gfx_ok|texture_load|../../assets/Textures\check.png|w=1200|h=1200|ch=3
2025-10-01T04:58:48Z|gfx_ok|texture_load|../../assets/Textures\house.jpg|w=1280|h=720|ch=3
2025-10-01T04:58:48Z|gfx_ok|texture_load|../../assets/Textures\player.png|w=200|h=200|ch=4
2025-10-01T04:58:48Z|gfx_ok|bg_texture|house
2025-10-01T04:58:48Z|gfx_ok|compile_vs|ok
2025-10-01T04:58:48Z|gfx_ok|compile_fs|ok
2025-10-01T04:58:48Z|gfx_ok|link_program|program=3
2025-10-01T04:58:48Z|gfx_ok|validate_program|program=3
2025-10-01T04:58:48Z|gfx_ok|compile_vs|ok
2025-10-01T04:58:48Z|gfx_ok|compile_fs|ok
2025-10-01T04:58:48Z|gfx_ok|link_program|program=6
2025-10-01T04:58:48Z|gfx_ok|validate_program|program=6
2025-10-01T04:58:48Z|gfx_ok|compile_vs|ok
2025-10-01T04:58:48Z|gfx_ok|compile_fs|ok
2025-10-01T04:58:48Z|gfx_ok|link_program|program=9
2025-10-01T04:58:48Z|gfx_ok|validate_program|program=9
2025-10-01T04:58:48Z|gfx_ok|vao_sprite|vao=4
2025-10-01T04:58:48Z|gfx_ok|init_done|ok
2025-10-01T04:58:48Z|gfx_ok|gl_vendor|Intel
2025-10-01T04:58:48Z|gfx_ok|gl_renderer|Intel(R) Arc(TM) Graphics
2025-10-01T04:58:48Z|gfx_ok|gl_version|4.5.0 - Build 32.0.101.6314
2025-10-01T04:58:48Z|gfx_ok|bg_tex_info|w=1280|h=720|ifmt=6407
2025-10-01T04:58:48Z|gfx_ok|diag_done|ok
2025-10-01T04:58:48Z|gfx_ok|texture_load|../../assets/Textures/player.png|w=200|h=200|ch=4
2025-10-01T04:59:16Z|gfx_ok|cleanup|done
2025-10-01T04:59:37Z|startup|ok
2025-10-01T04:59:37Z|gfx|init_begin
2025-10-01T04:59:37Z|gfx_ok|vao_rect|vao=1
2025-10-01T04:59:37Z|gfx_ok|vao_circle|vao=2|verts=52
2025-10-01T04:59:37Z|gfx_ok|vao_bg|vao=3
2025-10-01T04:59:37Z|gfx_ok|texture_load|../../assets/Textures\boss.png|w=200|h=200|ch=4
2025-10-01T04:59:37Z|gfx_ok|texture_load|../../assets/Textures\check.png|w=1200|h=1200|ch=3
2025-10-01T04:59:37Z|gfx_ok|texture_load|../../assets/Textures\house.jpg|w=1280|h=720|ch=3
2025-10-01T04:59:37Z|gfx_ok|texture_load|../../assets/Textures\player.png|w=200|h=200|ch=4
2025-10-01T04:59:37Z|gfx_ok|bg_texture|house
2025-10-01T04:59:37Z|gfx_ok|compile_vs|ok
2025-10-01T04:59:37Z|gfx_ok|compile_fs|ok
2025-10-01T04:59:37Z|gfx_ok|link_program|program=3
2025-10-01T04:59:37Z|gfx_ok|validate_program|program=3
2025-10-01T04:59:37Z|gfx_ok|compile_vs|ok
2025-10-01T04:59:37Z|gfx_ok|compile_fs|ok
2025-10-01T04:59:37Z|gfx_ok|link_program|program=6
2025-10-01T04:59:37Z|gfx_ok|validate_program|program=6
2025-10-01T04:59:37Z|gfx_ok|compile_vs|ok
2025-10-01T04:59:37Z|gfx_ok|compile_fs|ok
2025-10-01T04:59:37Z|gfx_ok|link_program|program=9
2025-10-01T04:59:37Z|gfx_ok|validate_program|program=9
2025-10-01T04:59:37Z|gfx_ok|vao_sprite|vao=4
2025-10-01T04:59:37Z|gfx_ok|init_done|ok
2025-10-01T04:59:37Z|gfx_ok|gl_vendor|Intel
2025-10-01T04:59:37Z|gfx_ok|gl_renderer|Intel(R) Arc(TM) Graphics
2025-10-01T04:59:37Z|gfx_ok|gl_version|4.5.0 - Build 32.0.101.6314
2025-10-01T04:59:37Z|gfx_ok|bg_tex_info|w=1280|h=720|ifmt=6407
2025-10-01T04:59:37Z|gfx_ok|diag_done|ok
2025-10-01T04:59:37Z|gfx_ok|texture_load|../../assets/Textures/player.png|w=200|h=200|ch=4
2025-10-01T05:00:46Z|startup|ok
2025-10-01T05:09:52Z|startup|ok
2025-10-01T05:09:59Z|std::exception|mygame::draw|renderBackground|uniform_missing|backgroundTex
2025-10-01T05:09:59Z|std_terminate|
2025-10-01T05:10:42Z|startup|ok
2025-10-01T05:53:00Z|startup|ok
2025-10-01T05:53:12Z|std::exception|mygame::draw|renderBackground|uniform_missing|backgroundTex
2025-10-01T05:53:32Z|startup|ok
2025-10-01T05:54:12Z|startup|ok
2025-10-01T05:54:34Z|startup|ok
2025-10-01T05:55:01Z|startup|ok
2025-10-01T05:55:12Z|startup|ok
2025-10-01T05:55:49Z|startup|ok
2025-10-01T05:56:16Z|startup|ok
2025-10-01T05:57:02Z|startup|ok
2025-10-01T05:44:35Z|startup|ok
2025-10-01T05:49:38Z|startup|ok
2025-10-01T06:17:58Z|startup|ok
2025-10-01T06:38:04Z|startup|ok
2025-10-01T14:09:14Z|startup|ok
2025-10-01T14:18:52Z|startup|ok
2025-10-01T14:19:36Z|startup|ok
2025-10-01T14:34:05Z|startup|ok
2025-10-01T14:34:24Z|startup|ok
2025-10-02T01:54:57Z|startup|ok
2025-10-02T02:11:07Z|startup|ok
2025-10-02T02:13:46Z|startup|ok
2025-10-02T02:21:39Z|startup|ok
2025-10-02T02:22:07Z|startup|ok
2025-10-02T02:22:34Z|startup|ok
2025-10-02T02:52:23Z|startup|ok
2025-10-02T02:37:05Z|startup|ok
2025-10-02T02:40:00Z|startup|ok
2025-10-02T02:44:37Z|startup|ok
2025-10-02T02:46:11Z|startup|ok
2025-10-02T02:48:44Z|startup|ok
2025-10-02T02:57:17Z|startup|ok
2025-10-02T05:10:03Z|startup|ok
2025-10-02T05:12:42Z|startup|ok
2025-10-02T05:13:47Z|startup|ok
2025-10-02T05:15:04Z|startup|ok
2025-10-02T05:16:08Z|startup|ok
2025-10-02T05:25:59Z|startup|ok
2025-10-02T05:26:19Z|startup|ok
2025-10-02T05:26:56Z|startup|ok
2025-10-02T05:28:46Z|startup|ok
2025-10-02T05:28:55Z|startup|ok
2025-10-02T05:29:27Z|startup|ok
2025-10-02T05:30:41Z|startup|ok
2025-10-02T05:33:38Z|startup|ok
2025-10-02T05:38:17Z|startup|ok
2025-10-02T05:38:59Z|startup|ok
2025-10-02T05:40:12Z|startup|ok
2025-10-02T05:42:02Z|startup|ok
2025-10-02T05:42:48Z|startup|ok
2025-10-02T05:43:28Z|startup|ok
2025-10-02T05:45:36Z|startup|ok
2025-10-02T05:47:12Z|startup|ok
2025-10-02T07:51:17Z|startup|ok
2025-10-02T09:57:09Z|startup|ok
2025-10-02T10:00:09Z|startup|ok
2025-10-02T10:01:36Z|startup|ok
2025-10-02T10:07:07Z|startup|ok
2025-10-02T10:07:59Z|startup|ok
2025-10-02T10:09:44Z|startup|ok
2025-10-02T10:12:27Z|startup|ok
2025-10-02T10:13:35Z|startup|ok
2025-10-02T10:15:15Z|startup|ok
2025-10-02T10:16:58Z|startup|ok
2025-10-02T10:18:21Z|startup|ok
2025-10-02T10:19:16Z|startup|ok
2025-10-02T10:21:50Z|startup|ok
2025-10-02T10:22:46Z|startup|ok
2025-10-02T10:23:35Z|startup|ok
2025-10-02T10:27:37Z|startup|ok
2025-10-02T10:28:35Z|startup|ok
2025-10-02T10:29:21Z|startup|ok
2025-10-02T10:30:04Z|startup|ok
2025-10-02T10:31:12Z|startup|ok
2025-10-02T10:32:21Z|startup|ok
2025-10-02T10:32:57Z|startup|ok
2025-10-02T10:34:12Z|startup|ok
2025-10-02T10:35:16Z|startup|ok
2025-10-02T10:35:48Z|startup|ok
2025-10-02T10:37:22Z|startup|ok
2025-10-02T10:38:25Z|startup|ok
2025-10-02T10:39:15Z|startup|ok
2025-10-02T10:39:29Z|startup|ok
2025-10-02T06:47:26Z|startup|ok
2025-10-02T06:48:08Z|startup|ok
2025-10-02T06:48:32Z|startup|ok
2025-10-02T06:50:14Z|startup|ok
2025-10-02T10:42:39Z|startup|ok
2025-10-02T10:44:20Z|startup|ok
2025-10-02T10:44:56Z|startup|ok
2025-10-02T10:48:13Z|startup|ok
2025-10-02T10:51:48Z|startup|ok
2025-10-02T10:52:29Z|startup|ok
2025-10-02T11:24:40Z|startup|ok
2025-10-02T10:55:54Z|startup|ok
2025-10-22T10:36:05Z|std::exception|RenderSystem::draw|renderBackground|uniform_missing|backgroundTex
2025-10-22T10:36:05Z|std::exception|mygame::draw|renderBackground|uniform_missing|backgroundTex
2025-10-22T10:38:31Z|std::exception|RenderSystem::draw|renderSpriteFrame|gl_error=1281
2025-10-22T10:38:31Z|std::exception|mygame::draw|renderSpriteFrame|gl_error=1281
2025-10-22T12:58:47Z|signal_22|
2025-10-22T13:01:22Z|signal_22|
2025-10-27T13:39:21Z|signal_11|
2025-10-29T08:20:31Z|signal_22|
2025-10-29T08:42:38Z|signal_22|
2025-10-29T08:42:55Z|signal_22|
2025-10-29T08:53:09Z|signal_22|
2025-10-29T08:53:39Z|signal_22|
2025-10-29T08:56:04Z|signal_22|
2025-10-29T12:48:12Z|std_terminate|
2025-10-29T12:48:31Z|std_terminate|
2025-10-29T12:49:08Z|std_terminate|
2025-10-29T12:49:28Z|std_terminate|
2025-11-01T06:08:54Z|signal_22|
2025-11-01T11:50:34Z|signal_22|
2025-11-01T11:53:13Z|signal_22|
2025-11-02T05:37:44Z|signal_22|
2025-11-03T01:39:02Z|signal_22|
2025-11-03T01:39:27Z|signal_22|
2025-11-03T01:39:51Z|signal_22|
2025-11-03T01:40:31Z|signal_22|
2025-11-03T01:45:32Z|signal_22|
2025-11-04T07:04:20Z|signal_22|
